C:\nodejs\node.exe
v24.11.1
npm warn config optional Use `--omit=optional` to exclude optional dependencies, or
npm warn config `--include=optional` to include them.
npm warn config
npm warn config       Default value does install optional deps unless otherwise omitted.

added 2 packages, removed 1 package, and audited 437 packages in 15s

54 packages are looking for funding
  run `npm fund` for details

1 moderate severity vulnerability

To address all issues (including breaking changes), run:
  npm audit fix --force

Run `npm audit` for details.
[INFO] Starte Anwendung... 
node:internal/modules/cjs/loader:1424
  throw err;
  ^

Error: Cannot find module './scripts/middleware/securityMiddleware'
Require stack:
- F:\JurisMind\Mietrecht\mietrecht-webinterface\server.js
    at Module._resolveFilename (node:internal/modules/cjs/loader:1421:15)
    at defaultResolveImpl (node:internal/modules/cjs/loader:1059:19)
    at resolveForCJSWithHooks (node:internal/modules/cjs/loader:1064:22)
    at Module._load (node:internal/modules/cjs/loader:1227:37)
    at TracingChannel.traceSync (node:diagnostics_channel:328:14)
    at wrapModuleLoad (node:internal/modules/cjs/loader:245:24)
    at Module.require (node:internal/modules/cjs/loader:1504:12)
    at require (node:internal/modules/helpers:152:16)
    at Object.<anonymous> (F:\JurisMind\Mietrecht\mietrecht-webinterface\server.js:14:53)
    at Module._compile (node:internal/modules/cjs/loader:1761:14) {
  code: 'MODULE_NOT_FOUND',
  requireStack: [ 'F:\\JurisMind\\Mietrecht\\mietrecht-webinterface\\server.js' ]
}

Node.js v24.11.1
 
[INFO] Anwendung wurde mit Code 1 beendet 
